<?xml version="1.0" encoding="UTF-8"?>
<!-- Generated by org.testng.reporters.JUnitReportReporter -->
<testsuite skipped="0" hostname="ESTOTSWR0Z5HTML" name="InheritanceTest.ZooTest" tests="1" failures="0" timestamp="2021-01-21T22:12:34 PST" time="0.010" errors="0">
  <testcase name="shouldFeedAllAnimals" time="0.010" classname="InheritanceTest.ZooTest"/>
</testsuite> <!-- InheritanceTest.ZooTest -->
