<?xml version="1.0" encoding="UTF-8"?>
<!-- Generated by org.testng.reporters.JUnitReportReporter -->
<testsuite skipped="0" hostname="ESTOTSWR0Z5HTML" name="demo.DemoTest" tests="4" failures="0" timestamp="2021-01-22T01:03:17 PST" time="0.015" errors="0">
  <testcase name="shouldDemonstrateStaticImport" time="0.005" classname="demo.DemoTest"/>
  <testcase name="shoulddemonstrateDataTypeDefaultValues" time="0.001" classname="demo.DemoTest"/>
  <testcase name="shoulDemonstrateNumberObjects" time="0.008" classname="demo.DemoTest"/>
  <testcase name="shouldDemonstrateRanges" time="0.001" classname="demo.DemoTest"/>
</testsuite> <!-- demo.DemoTest -->
