<?xml version="1.0" encoding="UTF-8"?>
<!-- Generated by org.testng.reporters.JUnitReportReporter -->
<testsuite skipped="0" hostname="ESTOTSWR0Z5HTML" name="CollectionTest.ArrayListTest" tests="2" failures="0" timestamp="2021-01-22T23:25:02 PST" time="0.008" errors="0">
  <testcase name="shouldDemonstrateArrayList" time="0.007" classname="CollectionTest.ArrayListTest"/>
  <testcase name="shouldDemonstrateArrayList2" time="0.001" classname="CollectionTest.ArrayListTest"/>
</testsuite> <!-- CollectionTest.ArrayListTest -->
