<?xml version="1.0" encoding="UTF-8"?>
<!-- Generated by org.testng.reporters.JUnitReportReporter -->
<testsuite skipped="0" hostname="ESTOTSWR0Z5HTML" name="InterfaceTest.CarServiceTest" tests="1" failures="0" timestamp="2021-01-21T00:06:09 PST" time="0.010" errors="0">
  <testcase name="shouldDemonstrateInterfaces" time="0.010" classname="InterfaceTest.CarServiceTest"/>
</testsuite> <!-- InterfaceTest.CarServiceTest -->
