<?xml version="1.0" encoding="UTF-8"?>
<!-- Generated by org.testng.reporters.JUnitReportReporter -->
<testsuite skipped="0" hostname="ESTOTSWR0Z5HTML" name="lesson2.PersonTest" tests="3" failures="0" timestamp="2021-01-18T22:16:56 PST" time="0.012" errors="0">
  <testcase name="shouldReturnNumberOfPersons" time="0.002" classname="lesson2.PersonTest"/>
  <testcase name="shouldReturnHelloMarcus" time="0.009" classname="lesson2.PersonTest"/>
  <testcase name="shouldReturnHelloWorld" time="0.001" classname="lesson2.PersonTest"/>
</testsuite> <!-- lesson2.PersonTest -->
