<?xml version="1.0" encoding="UTF-8"?>
<!-- Generated by org.testng.reporters.JUnitReportReporter -->
<testsuite skipped="0" hostname="ESTOTSWR0Z5HTML" name="EqualsAndHashcode.CarTest" tests="3" failures="0" timestamp="2021-01-22T19:08:23 PST" time="0.012" errors="0">
  <testcase name="stringShouldBeEqual" time="0.001" classname="EqualsAndHashcode.CarTest"/>
  <testcase name="porscheShouldBeEqual" time="0.010" classname="EqualsAndHashcode.CarTest"/>
  <testcase name="primitivesShouldBeEqual" time="0.001" classname="EqualsAndHashcode.CarTest"/>
</testsuite> <!-- EqualsAndHashcode.CarTest -->
