<?xml version="1.0" encoding="UTF-8"?>
<!-- Generated by org.testng.reporters.JUnitReportReporter -->
<testsuite skipped="0" hostname="ESTOTSWR0Z5HTML" name="InterfaceTest.PorscheTest" tests="2" failures="0" timestamp="2021-01-22T00:08:51 PST" time="0.013" errors="0">
  <testcase name="shouldClonePorsche" time="0.011" classname="InterfaceTest.PorscheTest"/>
  <testcase name="shouldCloneStringArray" time="0.002" classname="InterfaceTest.PorscheTest"/>
</testsuite> <!-- InterfaceTest.PorscheTest -->
